C:\Program Files\Microsoft Visual Studio\2022\Community\MSBuild\Microsoft\VC\v170\Microsoft.CppBuild.targets(517,5): warning MSB8004: Output 目录未以斜杠结尾。  此生成实例将添加斜杠，因为必须有这个斜杠才能正确计算 Output 目录。
  GraphicsControl.cpp
D:\Projects\MyEngineGroup\MyDirectx12\MyDirectx12\PMDActor.h(133,9): warning C4086: pragma 参数应为 "1"、"2"、"4"、"8" 或者 "16"
D:\Projects\MyEngineGroup\MyDirectx12\MyDirectx12\D3DResourceManage.h(13,15): warning C4099: “Material”: 类型名称以前使用“struct”现在使用的是“class”
D:\Projects\MyEngineGroup\MyDirectx12\MyDirectx12\PMDActor.h(66,8): message : 参见“Material”的声明
D:\Projects\MyEngineGroup\MyDirectx12\MyDirectx12\GraphicsControl.cpp(494,21): warning C4018: “<”: 有符号/无符号不匹配
D:\Projects\MyEngineGroup\MyDirectx12\MyDirectx12\GraphicsControl.cpp(542,21): warning C4018: “<”: 有符号/无符号不匹配
D:\Projects\MyEngineGroup\MyDirectx12\MyDirectx12\GraphicsControl.cpp(760,20): warning C4018: “<”: 有符号/无符号不匹配
  PMDActor.cpp
D:\Projects\MyEngineGroup\MyDirectx12\MyDirectx12\PMDActor.h(133,9): warning C4086: pragma 参数应为 "1"、"2"、"4"、"8" 或者 "16"
D:\Projects\MyEngineGroup\MyDirectx12\MyDirectx12\D3DResourceManage.h(13,15): warning C4099: “Material”: 类型名称以前使用“struct”现在使用的是“class”
D:\Projects\MyEngineGroup\MyDirectx12\MyDirectx12\PMDActor.h(66,8): message : 参见“Material”的声明
D:\Projects\MyEngineGroup\MyDirectx12\MyDirectx12\PMDActor.cpp(55,30): warning C4267: “=”: 从“size_t”转换到“UINT”，可能丢失数据
D:\Projects\MyEngineGroup\MyDirectx12\MyDirectx12\PMDActor.cpp(56,40): warning C4267: “=”: 从“size_t”转换到“UINT16”，可能丢失数据
D:\Projects\MyEngineGroup\MyDirectx12\MyDirectx12\PMDActor.cpp(59,33): warning C4267: “=”: 从“size_t”转换到“UINT16”，可能丢失数据
D:\Projects\MyEngineGroup\MyDirectx12\MyDirectx12\PMDActor.cpp(85,6): warning C4267: “参数”: 从“size_t”转换到“UINT”，可能丢失数据
D:\Projects\MyEngineGroup\MyDirectx12\MyDirectx12\PMDActor.cpp(84,6): warning C4267: “参数”: 从“size_t”转换到“UINT”，可能丢失数据
D:\Projects\MyEngineGroup\MyDirectx12\MyDirectx12\PMDActor.cpp(149,24): warning C4267: “参数”: 从“size_t”转换到“UINT”，可能丢失数据
D:\Projects\MyEngineGroup\MyDirectx12\MyDirectx12\PMDActor.cpp(203,15): warning C4267: “参数”: 从“size_t”转换到“UINT”，可能丢失数据
D:\Projects\MyEngineGroup\MyDirectx12\MyDirectx12\PMDActor.cpp(224,20): warning C4018: “<”: 有符号/无符号不匹配
D:\Projects\MyEngineGroup\MyDirectx12\MyDirectx12\PMDActor.cpp(265,38): warning C4267: “=”: 从“size_t”转换到“UINT”，可能丢失数据
D:\Projects\MyEngineGroup\MyDirectx12\MyDirectx12\PMDActor.cpp(296,25): warning C4267: “=”: 从“size_t”转换到“UINT”，可能丢失数据
D:\Projects\MyEngineGroup\MyDirectx12\MyDirectx12\PMDActor.cpp(313,15): warning C4267: “初始化”: 从“size_t”转换到“int”，可能丢失数据
D:\Projects\MyEngineGroup\MyDirectx12\MyDirectx12\PMDActor.cpp(674,46): warning C4267: “参数”: 从“size_t”转换到“int”，可能丢失数据
D:\Projects\MyEngineGroup\MyDirectx12\MyDirectx12\PMDActor.cpp(704,46): warning C4267: “参数”: 从“size_t”转换到“int”，可能丢失数据
D:\Projects\MyEngineGroup\MyDirectx12\MyDirectx12\PMDActor.cpp(1073,19): warning C4244: “初始化”: 从“UINT64”转换到“UINT”，可能丢失数据
  正在生成代码...
D:\Projects\MyEngineGroup\MyDirectx12\MyDirectx12\PMDActor.cpp(1036): warning C4715: “MaterialControl::GetCustomizedResourceValue”: 不是所有的控件路径都返回值
  MyDirectx12.vcxproj -> D:\Projects\MyEngineGroup\MyEngine\MyEngine\bin\Debug\MyDirectx12.dll
