d:\visualstudioproject\myenginegroup\mydirectx12\mydirectx12\x64\debug\vc143.pdb
d:\visualstudioproject\myenginegroup\mydirectx12\mydirectx12\x64\debug\vc143.idb
d:\visualstudioproject\myenginegroup\mydirectx12\mydirectx12\x64\debug\d3ddevice.obj
d:\visualstudioproject\myenginegroup\mydirectx12\mydirectx12\x64\debug\graphicscontrol.obj
d:\visualstudioproject\myenginegroup\mydirectx12\mydirectx12\x64\debug\debug.obj
d:\visualstudioproject\myenginegroup\mydirectx12\mydirectx12\x64\debug\d3dresourcemanage.obj
d:\visualstudioproject\myenginegroup\mydirectx12\mydirectx12\x64\debug\pmdactor.obj
d:\visualstudioproject\myenginegroup\mydirectx12\mydirectx12\x64\debug\d3dpipeline.obj
d:\visualstudioproject\myenginegroup\mydirectx12\mydirectx12\x64\debug\d3dmulpassrender.obj
d:\visualstudioproject\myenginegroup\mydirectx12\mydirectx12\x64\debug\d3dcamera.obj
d:\visualstudioproject\myenginegroup\mydirectx12\mydirectx12\x64\debug\d3danimation.obj
d:\visualstudioproject\myenginegroup\mydirectx12\mydirectx12\x64\debug\common.obj
d:\visualstudioproject\myenginegroup\myengine\myengine\bin\debug\basicpixelshader.cso
d:\visualstudioproject\myenginegroup\myengine\myengine\bin\debug\basicvertexshader.cso
d:\visualstudioproject\myenginegroup\myengine\myengine\bin\debug\peravertex.cso
d:\visualstudioproject\myenginegroup\myengine\myengine\bin\debug\perapixel.cso
d:\visualstudioproject\myenginegroup\myengine\myengine\bin\debug\nobonevertexshader.cso
d:\visualstudioproject\myenginegroup\myengine\myengine\bin\debug\mydirectx12.lib
d:\visualstudioproject\myenginegroup\myengine\myengine\bin\debug\mydirectx12.exp
d:\visualstudioproject\myenginegroup\myengine\myengine\bin\debug\mydirectx12.dll
d:\visualstudioproject\myenginegroup\mydirectx12\mydirectx12\x64\debug\mydirectx12.ilk
d:\visualstudioproject\myenginegroup\myengine\myengine\bin\debug\mydirectx12.pdb
d:\visualstudioproject\myenginegroup\mydirectx12\mydirectx12\x64\debug\mydirectx12.tlog\cl.command.1.tlog
d:\visualstudioproject\myenginegroup\mydirectx12\mydirectx12\x64\debug\mydirectx12.tlog\cl.read.1.tlog
d:\visualstudioproject\myenginegroup\mydirectx12\mydirectx12\x64\debug\mydirectx12.tlog\cl.write.1.tlog
d:\visualstudioproject\myenginegroup\mydirectx12\mydirectx12\x64\debug\mydirectx12.tlog\fxc.command.1.tlog
d:\visualstudioproject\myenginegroup\mydirectx12\mydirectx12\x64\debug\mydirectx12.tlog\fxc.read.1.tlog
d:\visualstudioproject\myenginegroup\mydirectx12\mydirectx12\x64\debug\mydirectx12.tlog\fxc.write.1.tlog
d:\visualstudioproject\myenginegroup\mydirectx12\mydirectx12\x64\debug\mydirectx12.tlog\link.command.1.tlog
d:\visualstudioproject\myenginegroup\mydirectx12\mydirectx12\x64\debug\mydirectx12.tlog\link.read.1.tlog
d:\visualstudioproject\myenginegroup\mydirectx12\mydirectx12\x64\debug\mydirectx12.tlog\link.write.1.tlog
d:\visualstudioproject\myenginegroup\mydirectx12\mydirectx12\x64\debug\mydirectx12.tlog\link.write.2u.tlog
